<?xml version="1.0" encoding="UTF-8"?>
<testng-results skipped="0" failed="0" total="1" passed="1">
  <reporter-output>
  </reporter-output>
  <suite name="Default suite" duration-ms="16457" started-at="2019-10-06T17:01:19Z" finished-at="2019-10-06T17:01:35Z">
    <groups>
    </groups>
    <test name="Default test" duration-ms="16457" started-at="2019-10-06T17:01:19Z" finished-at="2019-10-06T17:01:35Z">
      <class name="Maven.Maven.App">
        <test-method status="PASS" signature="setup()[pri:0, instance:Maven.Maven.App@1e397ed7]" name="setup" duration-ms="16439" started-at="2019-10-06T13:01:19Z" finished-at="2019-10-06T13:01:35Z">
          <reporter-output>
          </reporter-output>
        </test-method> <!-- setup -->
      </class> <!-- Maven.Maven.App -->
    </test> <!-- Default test -->
  </suite> <!-- Default suite -->
</testng-results>
